2025-12-31T06:59:03.006000Z LOG pgloader version "3.6.10~devel"
2025-12-31T06:59:03.008000Z LOG Data errors in '/tmp/pgloader/'
2025-12-31T06:59:03.008000Z LOG Parsing commands from file #P"/home/jivanyatra/src/docker_builds/wallabag_database_migration/pg_loader_done_right/pg_com"
2025-12-31T06:59:03.080000Z LOG Migrating from #<SQLITE-CONNECTION sqlite:///home/jivanyatra/src/docker_builds/wallabag_database_migration/pg_loader_done_right/../wallabag.sqlite {1005D2D193}>
2025-12-31T06:59:03.081000Z LOG Migrating into #<PGSQL-CONNECTION pgsql://wallabag@localhost:54322/wallabag {1005D2D213}>
2025-12-31T06:59:03.197999Z WARNING Source column "public"."wallabag_internal_setting"."\"name\"" is casted to type "text" which is not the same as "character varying", the type of current target database column "public"."wallabag_internal_setting"."name".
2025-12-31T06:59:03.197999Z WARNING Source column "public"."wallabag_internal_setting"."\"value\"" is casted to type "text" which is not the same as "character varying", the type of current target database column "public"."wallabag_internal_setting"."value".
2025-12-31T06:59:03.197999Z WARNING Source column "public"."wallabag_internal_setting"."\"section\"" is casted to type "text" which is not the same as "character varying", the type of current target database column "public"."wallabag_internal_setting"."section".
2025-12-31T06:59:03.197999Z WARNING Source column "public"."wallabag_tagging_rule"."\"id\"" is casted to type "bigint" which is not the same as "integer", the type of current target database column "public"."wallabag_tagging_rule"."id".
2025-12-31T06:59:03.197999Z WARNING Source column "public"."wallabag_tagging_rule"."\"config_id\"" is casted to type "bigint" which is not the same as "integer", the type of current target database column "public"."wallabag_tagging_rule"."config_id".
2025-12-31T06:59:03.197999Z WARNING Source column "public"."wallabag_tagging_rule"."\"rule\"" is casted to type "text" which is not the same as "character varying", the type of current target database column "public"."wallabag_tagging_rule"."rule".
2025-12-31T06:59:03.197999Z WARNING Source column "public"."wallabag_tag"."\"id\"" is casted to type "bigint" which is not the same as "integer", the type of current target database column "public"."wallabag_tag"."id".
2025-12-31T06:59:03.197999Z WARNING Source column "public"."wallabag_tag"."\"slug\"" is casted to type "text" which is not the same as "character varying", the type of current target database column "public"."wallabag_tag"."slug".
2025-12-31T06:59:03.197999Z WARNING Source column "public"."wallabag_entry_tag"."\"entry_id\"" is casted to type "bigint" which is not the same as "integer", the type of current target database column "public"."wallabag_entry_tag"."entry_id".
2025-12-31T06:59:03.197999Z WARNING Source column "public"."wallabag_entry_tag"."\"tag_id\"" is casted to type "bigint" which is not the same as "integer", the type of current target database column "public"."wallabag_entry_tag"."tag_id".
2025-12-31T06:59:03.197999Z WARNING Source column "public"."wallabag_site_credential"."\"id\"" is casted to type "bigserial" which is not the same as "integer", the type of current target database column "public"."wallabag_site_credential"."id".
2025-12-31T06:59:03.197999Z WARNING Source column "public"."wallabag_site_credential"."\"user_id\"" is casted to type "bigint" which is not the same as "integer", the type of current target database column "public"."wallabag_site_credential"."user_id".
2025-12-31T06:59:03.197999Z WARNING Source column "public"."wallabag_site_credential"."\"host\"" is casted to type "text" which is not the same as "character varying", the type of current target database column "public"."wallabag_site_credential"."host".
2025-12-31T06:59:03.197999Z WARNING Source column "public"."wallabag_site_credential"."\"createdAt\"" is casted to type "timestamptz" which is not the same as "timestamp without time zone", the type of current target database column "public"."wallabag_site_credential"."createdat".
2025-12-31T06:59:03.197999Z WARNING Source column "public"."wallabag_site_credential"."\"updated_at\"" is casted to type "timestamptz" which is not the same as "timestamp without time zone", the type of current target database column "public"."wallabag_site_credential"."updated_at".
2025-12-31T06:59:03.197999Z WARNING Source column "public"."wallabag_annotation"."\"id\"" is casted to type "bigint" which is not the same as "integer", the type of current target database column "public"."wallabag_annotation"."id".
2025-12-31T06:59:03.197999Z WARNING Source column "public"."wallabag_annotation"."\"user_id\"" is casted to type "bigint" which is not the same as "integer", the type of current target database column "public"."wallabag_annotation"."user_id".
2025-12-31T06:59:03.197999Z WARNING Source column "public"."wallabag_annotation"."\"entry_id\"" is casted to type "bigint" which is not the same as "integer", the type of current target database column "public"."wallabag_annotation"."entry_id".
2025-12-31T06:59:03.197999Z WARNING Source column "public"."wallabag_annotation"."\"created_at\"" is casted to type "timestamptz" which is not the same as "timestamp without time zone", the type of current target database column "public"."wallabag_annotation"."created_at".
2025-12-31T06:59:03.197999Z WARNING Source column "public"."wallabag_annotation"."\"updated_at\"" is casted to type "timestamptz" which is not the same as "timestamp without time zone", the type of current target database column "public"."wallabag_annotation"."updated_at".
2025-12-31T06:59:03.197999Z WARNING Source column "public"."wallabag_oauth2_access_tokens"."\"id\"" is casted to type "bigserial" which is not the same as "integer", the type of current target database column "public"."wallabag_oauth2_access_tokens"."id".
2025-12-31T06:59:03.197999Z WARNING Source column "public"."wallabag_oauth2_access_tokens"."\"client_id\"" is casted to type "bigint" which is not the same as "integer", the type of current target database column "public"."wallabag_oauth2_access_tokens"."client_id".
2025-12-31T06:59:03.197999Z WARNING Source column "public"."wallabag_oauth2_access_tokens"."\"user_id\"" is casted to type "bigint" which is not the same as "integer", the type of current target database column "public"."wallabag_oauth2_access_tokens"."user_id".
2025-12-31T06:59:03.197999Z WARNING Source column "public"."wallabag_oauth2_access_tokens"."\"expires_at\"" is casted to type "bigint" which is not the same as "integer", the type of current target database column "public"."wallabag_oauth2_access_tokens"."expires_at".
2025-12-31T06:59:03.197999Z WARNING Source column "public"."wallabag_oauth2_access_tokens"."\"token\"" is casted to type "text" which is not the same as "character varying", the type of current target database column "public"."wallabag_oauth2_access_tokens"."token".
2025-12-31T06:59:03.197999Z WARNING Source column "public"."wallabag_oauth2_access_tokens"."\"scope\"" is casted to type "text" which is not the same as "character varying", the type of current target database column "public"."wallabag_oauth2_access_tokens"."scope".
2025-12-31T06:59:03.197999Z WARNING Source column "public"."wallabag_oauth2_clients"."\"id\"" is casted to type "bigserial" which is not the same as "integer", the type of current target database column "public"."wallabag_oauth2_clients"."id".
2025-12-31T06:59:03.197999Z WARNING Source column "public"."wallabag_oauth2_clients"."\"user_id\"" is casted to type "bigint" which is not the same as "integer", the type of current target database column "public"."wallabag_oauth2_clients"."user_id".
2025-12-31T06:59:03.197999Z WARNING Source column "public"."wallabag_oauth2_clients"."\"random_id\"" is casted to type "text" which is not the same as "character varying", the type of current target database column "public"."wallabag_oauth2_clients"."random_id".
2025-12-31T06:59:03.197999Z WARNING Source column "public"."wallabag_oauth2_clients"."\"secret\"" is casted to type "text" which is not the same as "character varying", the type of current target database column "public"."wallabag_oauth2_clients"."secret".
2025-12-31T06:59:03.197999Z WARNING Source column "public"."wallabag_oauth2_clients"."\"name\"" is casted to type "text" which is not the same as "bytea", the type of current target database column "public"."wallabag_oauth2_clients"."name".
2025-12-31T06:59:03.197999Z WARNING Source column "public"."wallabag_oauth2_refresh_tokens"."\"id\"" is casted to type "bigserial" which is not the same as "integer", the type of current target database column "public"."wallabag_oauth2_refresh_tokens"."id".
2025-12-31T06:59:03.197999Z WARNING Source column "public"."wallabag_oauth2_refresh_tokens"."\"client_id\"" is casted to type "bigint" which is not the same as "integer", the type of current target database column "public"."wallabag_oauth2_refresh_tokens"."client_id".
2025-12-31T06:59:03.197999Z WARNING Source column "public"."wallabag_oauth2_refresh_tokens"."\"user_id\"" is casted to type "bigint" which is not the same as "integer", the type of current target database column "public"."wallabag_oauth2_refresh_tokens"."user_id".
2025-12-31T06:59:03.197999Z WARNING Source column "public"."wallabag_oauth2_refresh_tokens"."\"expires_at\"" is casted to type "bigint" which is not the same as "integer", the type of current target database column "public"."wallabag_oauth2_refresh_tokens"."expires_at".
2025-12-31T06:59:03.197999Z WARNING Source column "public"."wallabag_oauth2_refresh_tokens"."\"token\"" is casted to type "text" which is not the same as "character varying", the type of current target database column "public"."wallabag_oauth2_refresh_tokens"."token".
2025-12-31T06:59:03.197999Z WARNING Source column "public"."wallabag_oauth2_refresh_tokens"."\"scope\"" is casted to type "text" which is not the same as "character varying", the type of current target database column "public"."wallabag_oauth2_refresh_tokens"."scope".
2025-12-31T06:59:03.197999Z WARNING Source column "public"."wallabag_oauth2_auth_codes"."\"id\"" is casted to type "bigserial" which is not the same as "integer", the type of current target database column "public"."wallabag_oauth2_auth_codes"."id".
2025-12-31T06:59:03.197999Z WARNING Source column "public"."wallabag_oauth2_auth_codes"."\"client_id\"" is casted to type "bigint" which is not the same as "integer", the type of current target database column "public"."wallabag_oauth2_auth_codes"."client_id".
2025-12-31T06:59:03.197999Z WARNING Source column "public"."wallabag_oauth2_auth_codes"."\"user_id\"" is casted to type "bigint" which is not the same as "integer", the type of current target database column "public"."wallabag_oauth2_auth_codes"."user_id".
2025-12-31T06:59:03.197999Z WARNING Source column "public"."wallabag_oauth2_auth_codes"."\"expires_at\"" is casted to type "bigint" which is not the same as "integer", the type of current target database column "public"."wallabag_oauth2_auth_codes"."expires_at".
2025-12-31T06:59:03.197999Z WARNING Source column "public"."wallabag_oauth2_auth_codes"."\"token\"" is casted to type "text" which is not the same as "character varying", the type of current target database column "public"."wallabag_oauth2_auth_codes"."token".
2025-12-31T06:59:03.197999Z WARNING Source column "public"."wallabag_oauth2_auth_codes"."\"scope\"" is casted to type "text" which is not the same as "character varying", the type of current target database column "public"."wallabag_oauth2_auth_codes"."scope".
2025-12-31T06:59:03.197999Z WARNING Source column "public"."wallabag_entry"."\"id\"" is casted to type "bigserial" which is not the same as "integer", the type of current target database column "public"."wallabag_entry"."id".
2025-12-31T06:59:03.197999Z WARNING Source column "public"."wallabag_entry"."\"user_id\"" is casted to type "bigint" which is not the same as "integer", the type of current target database column "public"."wallabag_entry"."user_id".
2025-12-31T06:59:03.197999Z WARNING Source column "public"."wallabag_entry"."\"created_at\"" is casted to type "timestamptz" which is not the same as "timestamp without time zone", the type of current target database column "public"."wallabag_entry"."created_at".
2025-12-31T06:59:03.197999Z WARNING Source column "public"."wallabag_entry"."\"updated_at\"" is casted to type "timestamptz" which is not the same as "timestamp without time zone", the type of current target database column "public"."wallabag_entry"."updated_at".
2025-12-31T06:59:03.197999Z WARNING Source column "public"."wallabag_entry"."\"uid\"" is casted to type "text" which is not the same as "character varying", the type of current target database column "public"."wallabag_entry"."uid".
2025-12-31T06:59:03.197999Z WARNING Source column "public"."wallabag_entry"."\"http_status\"" is casted to type "text" which is not the same as "character varying", the type of current target database column "public"."wallabag_entry"."http_status".
2025-12-31T06:59:03.197999Z WARNING Source column "public"."wallabag_entry"."\"published_at\"" is casted to type "timestamptz" which is not the same as "timestamp without time zone", the type of current target database column "public"."wallabag_entry"."published_at".
2025-12-31T06:59:03.197999Z WARNING Source column "public"."wallabag_entry"."\"starred_at\"" is casted to type "timestamptz" which is not the same as "timestamp without time zone", the type of current target database column "public"."wallabag_entry"."starred_at".
2025-12-31T06:59:03.197999Z WARNING Source column "public"."wallabag_entry"."\"archived_at\"" is casted to type "timestamptz" which is not the same as "timestamp without time zone", the type of current target database column "public"."wallabag_entry"."archived_at".
2025-12-31T06:59:03.197999Z WARNING Source column "public"."wallabag_entry"."\"reading_time\"" is casted to type "bigint" which is not the same as "integer", the type of current target database column "public"."wallabag_entry"."reading_time".
2025-12-31T06:59:03.197999Z WARNING Source column "public"."wallabag_entry"."\"language\"" is casted to type "text" which is not the same as "character varying", the type of current target database column "public"."wallabag_entry"."language".
2025-12-31T06:59:03.197999Z WARNING Source column "public"."wallabag_ignore_origin_user_rule"."\"id\"" is casted to type "bigserial" which is not the same as "integer", the type of current target database column "public"."wallabag_ignore_origin_user_rule"."id".
2025-12-31T06:59:03.197999Z WARNING Source column "public"."wallabag_ignore_origin_user_rule"."\"config_id\"" is casted to type "bigint" which is not the same as "integer", the type of current target database column "public"."wallabag_ignore_origin_user_rule"."config_id".
2025-12-31T06:59:03.197999Z WARNING Source column "public"."wallabag_ignore_origin_user_rule"."\"rule\"" is casted to type "text" which is not the same as "character varying", the type of current target database column "public"."wallabag_ignore_origin_user_rule"."rule".
2025-12-31T06:59:03.198999Z WARNING Source column "public"."wallabag_ignore_origin_instance_rule"."\"id\"" is casted to type "bigserial" which is not the same as "integer", the type of current target database column "public"."wallabag_ignore_origin_instance_rule"."id".
2025-12-31T06:59:03.198999Z WARNING Source column "public"."wallabag_ignore_origin_instance_rule"."\"rule\"" is casted to type "text" which is not the same as "character varying", the type of current target database column "public"."wallabag_ignore_origin_instance_rule"."rule".
2025-12-31T06:59:03.198999Z WARNING Source column "public"."migration_versions"."\"version\"" is casted to type "text" which is not the same as "character varying", the type of current target database column "public"."migration_versions"."version".
2025-12-31T06:59:03.198999Z WARNING Source column "public"."migration_versions"."\"executed_at\"" is casted to type "timestamptz" which is not the same as "timestamp without time zone", the type of current target database column "public"."migration_versions"."executed_at".
2025-12-31T06:59:03.198999Z WARNING Source column "public"."migration_versions"."\"execution_time\"" is casted to type "bigint" which is not the same as "integer", the type of current target database column "public"."migration_versions"."execution_time".
2025-12-31T06:59:03.198999Z WARNING Source column "public"."wallabag_config"."\"id\"" is casted to type "bigserial" which is not the same as "integer", the type of current target database column "public"."wallabag_config"."id".
2025-12-31T06:59:03.198999Z WARNING Source column "public"."wallabag_config"."\"user_id\"" is casted to type "bigint" which is not the same as "integer", the type of current target database column "public"."wallabag_config"."user_id".
2025-12-31T06:59:03.198999Z WARNING Source column "public"."wallabag_config"."\"items_per_page\"" is casted to type "bigint" which is not the same as "integer", the type of current target database column "public"."wallabag_config"."items_per_page".
2025-12-31T06:59:03.198999Z WARNING Source column "public"."wallabag_config"."\"language\"" is casted to type "text" which is not the same as "character varying", the type of current target database column "public"."wallabag_config"."language".
2025-12-31T06:59:03.198999Z WARNING Source column "public"."wallabag_config"."\"pocket_consumer_key\"" is casted to type "text" which is not the same as "character varying", the type of current target database column "public"."wallabag_config"."pocket_consumer_key".
2025-12-31T06:59:03.198999Z WARNING Source column "public"."wallabag_config"."\"action_mark_as_read\"" is casted to type "bigint" which is not the same as "integer", the type of current target database column "public"."wallabag_config"."action_mark_as_read".
2025-12-31T06:59:03.198999Z WARNING Source column "public"."wallabag_config"."\"list_mode\"" is casted to type "bigint" which is not the same as "integer", the type of current target database column "public"."wallabag_config"."list_mode".
2025-12-31T06:59:03.198999Z WARNING Source column "public"."wallabag_config"."\"feed_token\"" is casted to type "text" which is not the same as "character varying", the type of current target database column "public"."wallabag_config"."feed_token".
2025-12-31T06:59:03.198999Z WARNING Source column "public"."wallabag_config"."\"feed_limit\"" is casted to type "bigint" which is not the same as "integer", the type of current target database column "public"."wallabag_config"."feed_limit".
2025-12-31T06:59:03.198999Z WARNING Source column "public"."wallabag_config"."\"display_thumbnails\"" is casted to type "bigint" which is not the same as "integer", the type of current target database column "public"."wallabag_config"."display_thumbnails".
2025-12-31T06:59:03.198999Z WARNING Source column "public"."wallabag_user"."\"id\"" is casted to type "bigserial" which is not the same as "integer", the type of current target database column "public"."wallabag_user"."id".
2025-12-31T06:59:03.198999Z WARNING Source column "public"."wallabag_user"."\"username\"" is casted to type "text" which is not the same as "character varying", the type of current target database column "public"."wallabag_user"."username".
2025-12-31T06:59:03.198999Z WARNING Source column "public"."wallabag_user"."\"username_canonical\"" is casted to type "text" which is not the same as "character varying", the type of current target database column "public"."wallabag_user"."username_canonical".
2025-12-31T06:59:03.198999Z WARNING Source column "public"."wallabag_user"."\"email\"" is casted to type "text" which is not the same as "character varying", the type of current target database column "public"."wallabag_user"."email".
2025-12-31T06:59:03.198999Z WARNING Source column "public"."wallabag_user"."\"email_canonical\"" is casted to type "text" which is not the same as "character varying", the type of current target database column "public"."wallabag_user"."email_canonical".
2025-12-31T06:59:03.198999Z WARNING Source column "public"."wallabag_user"."\"salt\"" is casted to type "text" which is not the same as "character varying", the type of current target database column "public"."wallabag_user"."salt".
2025-12-31T06:59:03.198999Z WARNING Source column "public"."wallabag_user"."\"password\"" is casted to type "text" which is not the same as "character varying", the type of current target database column "public"."wallabag_user"."password".
2025-12-31T06:59:03.198999Z WARNING Source column "public"."wallabag_user"."\"last_login\"" is casted to type "timestamptz" which is not the same as "timestamp without time zone", the type of current target database column "public"."wallabag_user"."last_login".
2025-12-31T06:59:03.198999Z WARNING Source column "public"."wallabag_user"."\"confirmation_token\"" is casted to type "text" which is not the same as "character varying", the type of current target database column "public"."wallabag_user"."confirmation_token".
2025-12-31T06:59:03.198999Z WARNING Source column "public"."wallabag_user"."\"password_requested_at\"" is casted to type "timestamptz" which is not the same as "timestamp without time zone", the type of current target database column "public"."wallabag_user"."password_requested_at".
2025-12-31T06:59:03.198999Z WARNING Source column "public"."wallabag_user"."\"created_at\"" is casted to type "timestamptz" which is not the same as "timestamp without time zone", the type of current target database column "public"."wallabag_user"."created_at".
2025-12-31T06:59:03.198999Z WARNING Source column "public"."wallabag_user"."\"updated_at\"" is casted to type "timestamptz" which is not the same as "timestamp without time zone", the type of current target database column "public"."wallabag_user"."updated_at".
2025-12-31T06:59:03.198999Z WARNING Source column "public"."wallabag_user"."\"authCode\"" is casted to type "bigint" which is not the same as "integer", the type of current target database column "public"."wallabag_user"."authcode".
2025-12-31T06:59:03.198999Z WARNING Source column "public"."wallabag_user"."\"googleAuthenticatorSecret\"" is casted to type "text" which is not the same as "character varying", the type of current target database column "public"."wallabag_user"."googleauthenticatorsecret".
2025-12-31T06:59:03.198999Z WARNING Source column "public"."wallabag_user"."\"backupCodes\"" is casted to type "text" which is not the same as "json", the type of current target database column "public"."wallabag_user"."backupcodes".
2025-12-31T06:59:03.347999Z ERROR Database error 23503: insert or update on table "wallabag_tagging_rule" violates foreign key constraint "fk_2d9b3c5424db0683"
DETAIL: Key (config_id)=(1) is not present in table "wallabag_config".
2025-12-31T06:59:03.391000Z ERROR Database error 23503: insert or update on table "wallabag_entry_tag" violates foreign key constraint "fk_entry_tag_entry"
DETAIL: Key (entry_id)=(6) is not present in table "wallabag_entry".
2025-12-31T06:59:03.397000Z LOG COPY INIT ERROR
